<?xml version="1.0" encoding="UTF-8"?>
<testng-results skipped="0" failed="0" ignored="0" total="1" passed="1">
  <reporter-output>
  </reporter-output>
  <suite name="Default suite" duration-ms="8973" started-at="2022-11-04T03:25:40Z" finished-at="2022-11-04T03:25:49Z">
    <groups>
    </groups>
    <test name="Default test" duration-ms="8973" started-at="2022-11-04T03:25:40Z" finished-at="2022-11-04T03:25:49Z">
      <class name="com.test.webPages.GoogleTranslateAssignmentTest">
        <test-method status="PASS" signature="initializeDriver()[pri:0, instance:com.test.webPages.GoogleTranslateAssignmentTest@5e316c74]" name="initializeDriver" is-config="true" duration-ms="2334" started-at="2022-11-03T23:25:40Z" finished-at="2022-11-03T23:25:42Z">
          <reporter-output>
          </reporter-output>
        </test-method> <!-- initializeDriver -->
        <test-method status="PASS" signature="firstTest()[pri:0, instance:com.test.webPages.GoogleTranslateAssignmentTest@5e316c74]" name="firstTest" duration-ms="6394" started-at="2022-11-03T23:25:42Z" finished-at="2022-11-03T23:25:49Z">
          <reporter-output>
          </reporter-output>
        </test-method> <!-- firstTest -->
        <test-method status="PASS" signature="tearDown()[pri:0, instance:com.test.webPages.GoogleTranslateAssignmentTest@5e316c74]" name="tearDown" is-config="true" duration-ms="216" started-at="2022-11-03T23:25:49Z" finished-at="2022-11-03T23:25:49Z">
          <reporter-output>
          </reporter-output>
        </test-method> <!-- tearDown -->
      </class> <!-- com.test.webPages.GoogleTranslateAssignmentTest -->
    </test> <!-- Default test -->
  </suite> <!-- Default suite -->
</testng-results>
